Launched: 2014-07-25 14:21:30 

Parsing legislature 47 ... 19 pages
Page   1 parsing   4 dossiers: 1800 1806 
Page   2 parsing  50 dossiers: 1701 1799 
Page   3 parsing  50 dossiers: 1601 1699 
Page   4 parsing  50 dossiers: 1501 1599 
Page   5 parsing  50 dossiers: 1401 1499 
Page   6 parsing  50 dossiers: 1301 1399 
Page   7 parsing  50 dossiers: 1201 1299 
Page   8 parsing  50 dossiers: 1101 1199 
Page   9 parsing  50 dossiers: 1001 1099 
Page  10 parsing  50 dossiers: 0901 0999 
Page  11 parsing  50 dossiers: 0801 0899 
Page  12 parsing  50 dossiers: 0701 0799 
Page  13 parsing  50 dossiers: 0601 0699 
Page  14 parsing  50 dossiers: 0501 0599 
Page  15 parsing  50 dossiers: 0401 0499 
Page  16 parsing  50 dossiers: 0301 0399 
Page  17 parsing  50 dossiers: 0201 0299 
Page  18 parsing  50 dossiers: 0101 0199 
Page  19 parsing  45 dossiers: 0011 0099 
Collected 219393 rows over 899 dossiers in 15.6 minutes

Parsing legislature 48 ... 19 pages
Page   1 parsing   6 dossiers: 1800 1810 
Page   2 parsing  50 dossiers: 1701 1799 
Page   3 parsing  50 dossiers: 1601 1699 
Page   4 parsing  50 dossiers: 1501 1599 
Page   5 parsing  50 dossiers: 1401 1499 
Page   6 parsing  50 dossiers: 1301 1399 
Page   7 parsing  50 dossiers: 1201 1299 
Page   8 parsing  50 dossiers: 1101 1199 
Page   9 parsing  50 dossiers: 1001 1099 
Page  10 parsing  50 dossiers: 0901 0999 
Page  11 parsing  50 dossiers: 0801 0899 
Page  12 parsing  50 dossiers: 0701 0799 
Page  13 parsing  50 dossiers: 0601 0699 
Page  14 parsing  50 dossiers: 0501 0599 
Page  15 parsing  50 dossiers: 0401 0499 
Page  16 parsing  50 dossiers: 0301 0399 
Page  17 parsing  50 dossiers: 0201 0299 
Page  18 parsing  50 dossiers: 0101 0199 
Page  19 parsing  49 dossiers: 0001 0099 
Collected 216945 rows over 905 dossiers in 15.2 minutes

Parsing legislature 49 ... 23 pages
Page   1 parsing  13 dossiers: 2200 2224 
Page   2 parsing  50 dossiers: 2101 2199 
Page   3 parsing  50 dossiers: 2000 2099 
Page   4 parsing  50 dossiers: 1901 1999 
Page   5 parsing  50 dossiers: 1801 1899 
Page   6 parsing  50 dossiers: 1701 1799 
Page   7 parsing  50 dossiers: 1601 1699 
Page   8 parsing  50 dossiers: 1501 1599 
Page   9 parsing  50 dossiers: 1401 1499 
Page  10 parsing  50 dossiers: 1301 1399 
Page  11 parsing  50 dossiers: 1201 1299 
Page  12 parsing  50 dossiers: 1101 1199 
Page  13 parsing  50 dossiers: 1001 1099 
Page  14 parsing  50 dossiers: 0901 0999 
Page  15 parsing  50 dossiers: 0800 0899 
Page  16 parsing  50 dossiers: 0701 0799 
Page  17 parsing  50 dossiers: 0601 0699 
Page  18 parsing  50 dossiers: 0501 0599 
Page  19 parsing  50 dossiers: 0401 0499 
Page  20 parsing  50 dossiers: 0301 0399 
Page  21 parsing  50 dossiers: 0201 0299 
Page  22 parsing  50 dossiers: 0101 0199 
Page  23 parsing  47 dossiers: 0001 0099 
Collected 330809 rows over 1110 dossiers in 23.7 minutes

Parsing legislature 50 ... 25 pages
Page   1 parsing  32 dossiers: 2401 2463 
Page   2 parsing  50 dossiers: 2301 2399 
Page   3 parsing  50 dossiers: 2201 2299 
Page   4 parsing  50 dossiers: 2101 2199 
Page   5 parsing  50 dossiers: 2001 2099 
Error: dossier 2003 legislature 50 
Page   6 parsing  50 dossiers: 1901 1999 
Page   7 parsing  50 dossiers: 1801 1899 
Page   8 parsing  50 dossiers: 1701 1799 
Page   9 parsing  50 dossiers: 1600 1699 
Page  10 parsing  50 dossiers: 1501 1599 
Page  11 parsing  50 dossiers: 1401 1499 
Page  12 parsing  50 dossiers: 1301 1399 
Page  13 parsing  50 dossiers: 1201 1299 
Page  14 parsing  50 dossiers: 1101 1199 
Page  15 parsing  50 dossiers: 1001 1099 
Page  16 parsing  50 dossiers: 0901 0999 
Page  17 parsing  50 dossiers: 0801 0899 
Error: dossier 0891 legislature 50 
Page  18 parsing  50 dossiers: 0701 0799 
Page  19 parsing  50 dossiers: 0601 0699 
Page  20 parsing  50 dossiers: 0501 0599 
Page  21 parsing  50 dossiers: 0401 0499 
Page  22 parsing  50 dossiers: 0301 0399 
Page  23 parsing  50 dossiers: 0201 0299 
Page  24 parsing  50 dossiers: 0101 0199 
Page  25 parsing  48 dossiers: 0001 0099 
Collected 368716 rows over 1228 dossiers in 27.1 minutes

Parsing legislature 51 ... 32 pages
Page   1 parsing  10 dossiers: 3100 3118 
Page   2 parsing  50 dossiers: 3001 3099 
Page   3 parsing  50 dossiers: 2900 2999 
Page   4 parsing  50 dossiers: 2801 2899 
Page   5 parsing  50 dossiers: 2701 2799 
Page   6 parsing  50 dossiers: 2601 2699 
Page   7 parsing  50 dossiers: 2500 2599 
Page   8 parsing  50 dossiers: 2401 2499 
Page   9 parsing  50 dossiers: 2301 2399 
Page  10 parsing  50 dossiers: 2201 2299 
Page  11 parsing  50 dossiers: 2101 2199 
Page  12 parsing  50 dossiers: 2001 2099 
Page  13 parsing  50 dossiers: 1901 1999 
Page  14 parsing  50 dossiers: 1801 1899 
Page  15 parsing  50 dossiers: 1700 1799 
Page  16 parsing  50 dossiers: 1601 1699 
Page  17 parsing  50 dossiers: 1501 1599 
Page  18 parsing  50 dossiers: 1401 1499 
Page  19 parsing  50 dossiers: 1300 1398 
Page  20 parsing  50 dossiers: 1200 1299 
Page  21 parsing  50 dossiers: 1101 1199 
Page  22 parsing  50 dossiers: 1001 1099 
Page  23 parsing  50 dossiers: 0901 0999 
Page  24 parsing  50 dossiers: 0801 0899 
Error: dossier 0845 legislature 51 
Page  25 parsing  50 dossiers: 0701 0799 
Page  26 parsing  50 dossiers: 0601 0699 
Page  27 parsing  50 dossiers: 0500 0599 
Page  28 parsing  50 dossiers: 0401 0499 
Page  29 parsing  50 dossiers: 0301 0399 
Page  30 parsing  50 dossiers: 0201 0299 
Page  31 parsing  50 dossiers: 0101 0199 
Page  32 parsing  46 dossiers: 0002 0099 
Collected 418841 rows over 1555 dossiers in 33.9 minutes

Parsing legislature 52 ... 27 pages
Page   1 parsing   9 dossiers: 2601 2617 
Page   2 parsing  50 dossiers: 2501 2599 
Page   3 parsing  50 dossiers: 2401 2499 
Page   4 parsing  50 dossiers: 2301 2399 
Page   5 parsing  50 dossiers: 2201 2299 
Page   6 parsing  50 dossiers: 2101 2199 
Page   7 parsing  50 dossiers: 2001 2099 
Page   8 parsing  50 dossiers: 1901 1999 
Page   9 parsing  50 dossiers: 1801 1899 
Page  10 parsing  50 dossiers: 1701 1799 
Page  11 parsing  50 dossiers: 1601 1699 
Page  12 parsing  50 dossiers: 1501 1599 
Page  13 parsing  50 dossiers: 1401 1499 
Page  14 parsing  50 dossiers: 1300 1399 
Page  15 parsing  50 dossiers: 1201 1299 
Page  16 parsing  50 dossiers: 1101 1199 
Page  17 parsing  50 dossiers: 1001 1099 
Page  18 parsing  50 dossiers: 0901 0999 
Page  19 parsing  50 dossiers: 0801 0899 
Page  20 parsing  50 dossiers: 0701 0799 
Page  21 parsing  50 dossiers: 0601 0699 
Page  22 parsing  50 dossiers: 0501 0599 
Page  23 parsing  50 dossiers: 0401 0499 
Page  24 parsing  50 dossiers: 0301 0399 
Page  25 parsing  50 dossiers: 0201 0299 
Page  26 parsing  50 dossiers: 0101 0199 
Page  27 parsing  47 dossiers: 0001 0099 
Collected 310325 rows over 1306 dossiers in 22.8 minutes

Parsing legislature 53 ... 36 pages
Page   1 parsing  42 dossiers: 3501 3583 
Page   2 parsing  50 dossiers: 3401 3499 
Page   3 parsing  50 dossiers: 3301 3399 
Page   4 parsing  50 dossiers: 3201 3299 
Page   5 parsing  50 dossiers: 3101 3199 
Page   6 parsing  50 dossiers: 3001 3099 
Page   7 parsing  50 dossiers: 2900 2999 
Page   8 parsing  50 dossiers: 2801 2899 
Page   9 parsing  50 dossiers: 2701 2799 
Page  10 parsing  50 dossiers: 2601 2699 
Page  11 parsing  50 dossiers: 2501 2599 
Page  12 parsing  50 dossiers: 2401 2499 
Page  13 parsing  50 dossiers: 2300 2399 
Page  14 parsing  50 dossiers: 2201 2299 
Page  15 parsing  50 dossiers: 2101 2199 
Page  16 parsing  50 dossiers: 2001 2099 
Page  17 parsing  50 dossiers: 1901 1999 
Page  18 parsing  50 dossiers: 1801 1899 
Page  19 parsing  50 dossiers: 1701 1799 
Page  20 parsing  50 dossiers: 1601 1699 
Page  21 parsing  50 dossiers: 1501 1599 
Page  22 parsing  50 dossiers: 1401 1499 
Page  23 parsing  50 dossiers: 1301 1399 
Page  24 parsing  50 dossiers: 1201 1299 
Page  25 parsing  50 dossiers: 1100 1199 
Page  26 parsing  50 dossiers: 1001 1099 
Page  27 parsing  50 dossiers: 0901 0999 
Page  28 parsing  50 dossiers: 0801 0899 
Page  29 parsing  50 dossiers: 0701 0799 
Page  30 parsing  50 dossiers: 0601 0699 
Page  31 parsing  50 dossiers: 0501 0599 
Page  32 parsing  50 dossiers: 0401 0499 
Page  33 parsing  50 dossiers: 0301 0399 
Page  34 parsing  50 dossiers: 0201 0299 
Page  35 parsing  50 dossiers: 0101 0199 
Page  36 parsing  46 dossiers: 0002 0099 
Collected 477376 rows over 1788 dossiers in 39.7 minutes

Ended: 2014-07-25 17:19:58 
